warning: No library characterized for (process = 1.00 voltage = 0.85 temperature = 25.00) can be found in the database for power domain '/PD_TOP'  [NL-174]
Report Power (instances with prefix '*' are included in total) : 
-----+---------------+--------------------+---------------------+-------------------+-----------------
     | Instance      | Internal Power(uw) | Switching Power(uw) | Leakage Power(uw) | Total Power(uw) 
-----+---------------+--------------------+---------------------+-------------------+-----------------
1    |*tempOut_reg[7]|            2.347482|             4.702259|           0.040863|         7.090604
2    |*tempOut_reg[6]|            3.012498|             4.695057|           0.040863|         7.748418
3    |*tempOut_reg[5]|            3.610465|             4.697783|           0.040863|         8.349112
4    |*tempOut_reg[4]|            3.646478|             4.699143|           0.040863|         8.386484
5    |*tempOut_reg[3]|            3.226881|             4.691353|           0.040863|         7.959096
6    |*tempOut_reg[2]|            2.749127|             4.684151|           0.040863|         7.474141
7    |*i_0_0_0       |            2.954050|             8.695906|           0.061230|        11.711186
8    |*i_0_0_1       |            3.762778|            15.792448|           0.075762|        19.630987
9    |*i_0_0_2       |            0.178586|             0.060036|           0.025066|         0.263689
10   |*i_0_0_3       |            0.484418|             0.168489|           0.025066|         0.677972
11   |*i_0_0_4       |            0.473015|             0.283485|           0.027858|         0.784358
12   |*i_0_0_5       |            1.178882|             1.308310|           0.022619|         2.509811
13   |*i_0_0_6       |            0.799057|             0.453420|           0.022619|         1.275096
14   |*i_0_0_7       |            0.808467|             1.007135|           0.022039|         1.837641
15   |*i_0_0_8       |            0.962306|             0.492030|           0.022619|         1.476955
16   |*i_0_0_9       |            1.177110|             1.343475|           0.022619|         2.543204
17   |*i_0_0_10      |            0.796498|             2.113949|           0.017393|         2.927840
18   |*i_0_0_11      |            1.664119|             0.514759|           0.035928|         2.214807
19   |*i_0_0_12      |            0.783022|             0.563136|           0.022039|         1.368198
20   |*i_0_0_13      |            0.158766|             0.314940|           0.021200|         0.494905
21   |*i_0_0_14      |            0.421043|             0.818844|           0.021200|         1.261086
22   |*i_0_0_15      |            0.856469|             1.855013|           0.027858|         2.739340
23   |*i_0_0_16      |            0.717405|             4.349302|           0.017393|         5.084102
24   |*i_0_0_17      |            0.420111|             0.292657|           0.017393|         0.730162
25   |*i_0_0_18      |            0.745926|             3.238047|           0.017393|         4.001366
26   |*i_0_0_19      |            0.166445|             0.112560|           0.017393|         0.296399
27   |*i_0_0_20      |            0.696034|             3.199345|           0.021200|         3.916578
28   |*i_0_0_21      |            0.700134|             3.025915|           0.021200|         3.747249
29   |*i_0_0_22      |            0.604988|             4.647727|           0.014353|         5.267068
30   |*i_0_0_23      |            1.086472|             4.640525|           0.014353|         5.741350
31   |*i_0_0_24      |            0.846231|             4.351084|           0.014353|         5.211668
32   |*i_0_0_25      |            0.933452|             2.845369|           0.014353|         3.793174
33   |*i_0_1         |            0.445504|             4.357244|           0.014353|         4.817101
34   |               |                    |                     |                   |                 
35   |*TOTAL         |           43.414211|            99.014893|           0.902036|       143.331131
-----+---------------+--------------------+---------------------+-------------------+-----------------
