Report 'report_mcmm_variation': MCMM Variation
Generated on Thu May 6 14:12:43 2021
  
---------------------------------------------------
| MCMM variability report for design 'DMA' (nano) |
|-------------------------------------------------|
| MODE CORNER WNS TNS #Endpts WHS THS #Endpts     | 
---------------------------------------------------


info UI33: performed report_mcmm_variation for 3 sec (CPU time: 7 sec; MEM: RSS - 824M, CVMEM - 2899M, PVMEM - 2857M)
Report 'report_path_group': Path Group
Generated on Thu May 6 14:12:43 2021
  
-------------------------------------------------------------------------------------------
|                               PATH GROUPS (SETUP) (nano)                                |
|-----------------------------------------------------------------------------------------|
| QOR Weight Margin TNS Range Endpoints Violating Endpoints Violating Endpoints % WNS TNS | 
-------------------------------------------------------------------------------------------


info UI33: performed report_path_group for 0 sec (CPU time: 0 sec; MEM: RSS - 824M, CVMEM - 2899M, PVMEM - 2857M)
SLACK HISTOGRAM
---------------
Select : SELECT_NONE

info UI33: performed report_slack_histogram for 0 sec (CPU time: 0 sec; MEM: RSS - 824M, CVMEM - 2899M, PVMEM - 2857M)
Report 'report_path_group': Path Group
Generated on Thu May 6 14:12:43 2021
  
-------------------------------------------------------------------------------------------
|                                PATH GROUPS (HOLD) (nano)                                |
|-----------------------------------------------------------------------------------------|
| QOR Weight Margin TNS Range Endpoints Violating Endpoints Violating Endpoints % WNS TNS | 
-------------------------------------------------------------------------------------------


info UI33: performed report_path_group for 0 sec (CPU time: 0 sec; MEM: RSS - 824M, CVMEM - 2899M, PVMEM - 2857M)
SLACK HISTOGRAM
---------------
Select : SELECT_NONE

info UI33: performed report_slack_histogram for 0 sec (CPU time: 0 sec; MEM: RSS - 824M, CVMEM - 2899M, PVMEM - 2857M)
