Report 'report_mcmm_variation': MCMM Variation
Generated on Thu May 6 06:04:29 2021
  
----------------------------------------------------------
| MCMM variability report for design 'decompress' (nano) |
|--------------------------------------------------------|
| MODE CORNER WNS TNS #Endpts WHS THS #Endpts            | 
----------------------------------------------------------


info UI33: performed report_mcmm_variation for 0 sec (CPU time: 0 sec; MEM: RSS - 263M, CVMEM - 1752M, PVMEM - 1992M)
Report 'report_path_group': Path Group
Generated on Thu May 6 06:04:29 2021
  
-------------------------------------------------------------------------------------------
|                               PATH GROUPS (SETUP) (nano)                                |
|-----------------------------------------------------------------------------------------|
| QOR Weight Margin TNS Range Endpoints Violating Endpoints Violating Endpoints % WNS TNS | 
-------------------------------------------------------------------------------------------


info UI33: performed report_path_group for 0 sec (CPU time: 0 sec; MEM: RSS - 263M, CVMEM - 1752M, PVMEM - 1992M)
SLACK HISTOGRAM
---------------
Select : SELECT_LATE

----------------------------------------------
| Slack            # End Pts Total # End Pts | 
|--------------------------------------------|
| 0.0000 - 49.9990 3         3               | 
----------------------------------------------


info UI33: performed report_slack_histogram for 0 sec (CPU time: 0 sec; MEM: RSS - 263M, CVMEM - 1752M, PVMEM - 1992M)
Report 'report_path_group': Path Group
Generated on Thu May 6 06:04:29 2021
  
-------------------------------------------------------------------------------------------
|                                PATH GROUPS (HOLD) (nano)                                |
|-----------------------------------------------------------------------------------------|
| QOR Weight Margin TNS Range Endpoints Violating Endpoints Violating Endpoints % WNS TNS | 
-------------------------------------------------------------------------------------------


info UI33: performed report_path_group for 0 sec (CPU time: 0 sec; MEM: RSS - 263M, CVMEM - 1752M, PVMEM - 1992M)
SLACK HISTOGRAM
---------------
Select : SELECT_EARLY

----------------------------------------------
| Slack            # End Pts Total # End Pts | 
|--------------------------------------------|
| 0.0000 - 24.9990 3         3               | 
----------------------------------------------


info UI33: performed report_slack_histogram for 0 sec (CPU time: 0 sec; MEM: RSS - 263M, CVMEM - 1752M, PVMEM - 1992M)
